2021-12-04 10:34:14
++++++++++++++++++++++++++++++++++++++++CONFIGURATION SUMMARY++++++++++++++++++++++++++++++++++++++++
 Status:
     mode                 : train
 ++++++++++++++++++++++++++++++++++++++++
 Datasets:
     datasets         fold: data/example_datasets
     train            file: train.csv
     validation       file: dev.csv
     vocab             dir: data/example_datasets/vocabs
     delimiter            : b
     use              bert: False
     use            bilstm: True
     finetune             : False
     checkpoints       dir: checkpoints/bilstm-crf
     log               dir: data/example_datasets/logs
 ++++++++++++++++++++++++++++++++++++++++
Labeling Scheme:
     label          scheme: BIO
     label           level: 2
     suffixes             : ['ORG', 'PER', 'LOC']
     measuring     metrics: ['precision', 'recall', 'f1', 'accuracy']
 ++++++++++++++++++++++++++++++++++++++++
Model Configuration:
     embedding         dim: 300
     max  sequence  length: 300
     hidden            dim: 200
     CUDA  VISIBLE  DEVICE: 0
     seed                 : 42
 ++++++++++++++++++++++++++++++++++++++++
 Training Settings:
     epoch                : 3
     batch            size: 32
     dropout              : 0.5
     learning         rate: 0.0005
     optimizer            : Adam
     checkpoint       name: model
     max       checkpoints: 3
     print       per_batch: 10
     is     early     stop: True
     patient              : 5
++++++++++++++++++++++++++++++++++++++++CONFIGURATION SUMMARY END++++++++++++++++++++++++++++++++++++++++
loading vocab...
dataManager initialed...
mode: train
loading data...
loading data...
training set size: 4168, validating set size: 937
++++++++++++++++++++training starting++++++++++++++++++++
epoch:1/3
